[35m[1mScanning dependencies of target std_msgs_generate_messages_py[0m
[35m[1mScanning dependencies of target _motor_generate_messages_check_deps_MotorRPM[0m
[35m[1mScanning dependencies of target _motor_generate_messages_check_deps_MotorPWM[0m
[35m[1mScanning dependencies of target std_msgs_generate_messages_lisp[0m
[  0%] Built target std_msgs_generate_messages_py
[35m[1mScanning dependencies of target std_msgs_generate_messages_nodejs[0m
[  0%] Built target std_msgs_generate_messages_lisp
[35m[1mScanning dependencies of target std_msgs_generate_messages_eus[0m
[  0%] Built target std_msgs_generate_messages_nodejs
[  0%] Built target _motor_generate_messages_check_deps_MotorRPM
[  0%] Built target std_msgs_generate_messages_eus
[  0%] Built target _motor_generate_messages_check_deps_MotorPWM
[35m[1mScanning dependencies of target motor_generate_messages_py[0m
[35m[1mScanning dependencies of target std_msgs_generate_messages_cpp[0m
[35m[1mScanning dependencies of target motor_generate_messages_lisp[0m
[35m[1mScanning dependencies of target motor_generate_messages_nodejs[0m
[ 16%] [34m[1mGenerating Lisp code from motor/MotorPWM.msg[0m
[ 16%] [34m[1mGenerating Javascript code from motor/MotorPWM.msg[0m
[ 25%] [34m[1mGenerating Python from MSG motor/MotorPWM[0m
[ 25%] Built target std_msgs_generate_messages_cpp
[35m[1mScanning dependencies of target motor_generate_messages_eus[0m
[ 33%] [34m[1mGenerating EusLisp code from motor/MotorPWM.msg[0m
[ 41%] [34m[1mGenerating Javascript code from motor/MotorRPM.msg[0m
[ 50%] [34m[1mGenerating Lisp code from motor/MotorRPM.msg[0m
[ 50%] Built target motor_generate_messages_lisp
[ 50%] Built target motor_generate_messages_nodejs
[ 58%] [34m[1mGenerating EusLisp code from motor/MotorRPM.msg[0m
[35m[1mScanning dependencies of target motor_generate_messages_cpp[0m
[ 66%] [34m[1mGenerating Python from MSG motor/MotorRPM[0m
[ 75%] [34m[1mGenerating C++ code from motor/MotorPWM.msg[0m
[ 83%] [34m[1mGenerating EusLisp manifest code for motor[0m
[ 91%] [34m[1mGenerating C++ code from motor/MotorRPM.msg[0m
[100%] [34m[1mGenerating Python msg __init__.py for motor[0m
[100%] Built target motor_generate_messages_cpp
[100%] Built target motor_generate_messages_py
[100%] Built target motor_generate_messages_eus
[35m[1mScanning dependencies of target motor_generate_messages[0m
[100%] Built target motor_generate_messages
